<?xml version="1.0" encoding="UTF-8"?>
<!-- Generated by org.testng.reporters.JUnitXMLReporter -->
<testsuite ignored="0" hostname="DESKTOP-657R7NR" failures="1" tests="2" name="Test1" time="53.333" errors="0" timestamp="2021-06-27T13:54:48 IST">
  <testcase classname="com.qa.testscript.TC_Searching_01" name="searching" time="11.914">
    <failure type="java.lang.AssertionError" message="expected [true] but found [false]">
      <![CDATA[java.lang.AssertionError: expected [true] but found [false]
at com.qa.testscript.TC_Searching_01.searching(TC_Searching_01.java:43)
at java.base/java.util.ArrayList.forEach(ArrayList.java:1511)
... Removed 31 stack frames]]>
    </failure>
  </testcase> <!-- searching -->
  <testcase classname="com.qa.testscript.TC_Links_02" name="Links" time="1.117"/>
</testsuite> <!-- Test1 -->
