<?xml version="1.0" encoding="UTF-8"?>
<testng-results skipped="0" failed="0" ignored="0" total="2" passed="2">
  <reporter-output>
    <line>
      <![CDATA[Item is Searched]]>
    </line>
  </reporter-output>
  <suite name="Suite" duration-ms="43104" started-at="2021-06-28T12:12:23 IST" finished-at="2021-06-28T12:13:06 IST">
    <groups>
    </groups>
    <test name="Test1" duration-ms="43104" started-at="2021-06-28T12:12:23 IST" finished-at="2021-06-28T12:13:06 IST">
      <class name="com.qa.testscript.TC_Links_02">
        <test-method status="PASS" signature="setUp(java.lang.String, java.lang.String)[pri:0, instance:com.qa.testscript.TC_Links_02@3327bd23]" name="setUp" is-config="true" duration-ms="9780" started-at="2021-06-28T12:12:51 IST" finished-at="2021-06-28T12:13:01 IST">
          <params>
            <param index="0">
              <value>
                <![CDATA[chrome]]>
              </value>
            </param>
            <param index="1">
              <value>
                <![CDATA[https://www.croma.com/]]>
              </value>
            </param>
          </params>
          <reporter-output>
          </reporter-output>
        </test-method> <!-- setUp -->
        <test-method status="PASS" signature="Links()[pri:0, instance:com.qa.testscript.TC_Links_02@3327bd23]" name="Links" duration-ms="576" started-at="2021-06-28T12:13:01 IST" finished-at="2021-06-28T12:13:01 IST">
          <reporter-output>
          </reporter-output>
        </test-method> <!-- Links -->
        <test-method status="PASS" signature="tearDown()[pri:0, instance:com.qa.testscript.TC_Links_02@3327bd23]" name="tearDown" is-config="true" duration-ms="4747" started-at="2021-06-28T12:13:01 IST" finished-at="2021-06-28T12:13:06 IST">
          <reporter-output>
          </reporter-output>
        </test-method> <!-- tearDown -->
      </class> <!-- com.qa.testscript.TC_Links_02 -->
      <class name="com.qa.testscript.TC_Searching_01">
        <test-method status="PASS" signature="setUp(java.lang.String, java.lang.String)[pri:0, instance:com.qa.testscript.TC_Searching_01@a67c67e]" name="setUp" is-config="true" duration-ms="13115" started-at="2021-06-28T12:12:23 IST" finished-at="2021-06-28T12:12:36 IST">
          <params>
            <param index="0">
              <value>
                <![CDATA[chrome]]>
              </value>
            </param>
            <param index="1">
              <value>
                <![CDATA[https://www.croma.com/]]>
              </value>
            </param>
          </params>
          <reporter-output>
          </reporter-output>
        </test-method> <!-- setUp -->
        <test-method status="PASS" signature="searching(java.lang.String)[pri:0, instance:com.qa.testscript.TC_Searching_01@a67c67e]" name="searching" duration-ms="12495" started-at="2021-06-28T12:12:38 IST" data-provider="getData" finished-at="2021-06-28T12:12:50 IST">
          <params>
            <param index="0">
              <value>
                <![CDATA[iphone]]>
              </value>
            </param>
          </params>
          <reporter-output>
            <line>
              <![CDATA[Item is Searched]]>
            </line>
          </reporter-output>
        </test-method> <!-- searching -->
        <test-method status="PASS" signature="tearDown()[pri:0, instance:com.qa.testscript.TC_Searching_01@a67c67e]" name="tearDown" is-config="true" duration-ms="535" started-at="2021-06-28T12:12:50 IST" finished-at="2021-06-28T12:12:51 IST">
          <reporter-output>
          </reporter-output>
        </test-method> <!-- tearDown -->
      </class> <!-- com.qa.testscript.TC_Searching_01 -->
    </test> <!-- Test1 -->
  </suite> <!-- Suite -->
</testng-results>
